make all --print-data-base --no-builtin-variables --no-builtin-rules --question
# GNU Make 3.81
# Copyright (C) 2006  Free Software Foundation, Inc.
# This is free software; see the source for copying conditions.
# There is NO warranty; not even for MERCHANTABILITY or FITNESS FOR A
# PARTICULAR PURPOSE.

# This program built for i386-apple-darwin11.3.0
 
make: *** No rule to make target `ft_isalpha.o', needed by `libft.a'
.  Stop.


# Make data base, printed on Sat Dec 30 17:47:44 2023

# Variables

# automatic
<D = $(patsubst %/,%,$(dir $<))
# automatic
?F = $(notdir $?)
# environment
VSCODE_CRASH_REPORTER_PROCESS_TYPE = extensionHost
# automatic
?D = $(patsubst %/,%,$(dir $?))
# makefile (from `Makefile', line 17)
C = -c
# automatic
@D = $(patsubst %/,%,$(dir $@))
# automatic
@F = $(notdir $@)
# makefile
CURDIR := /Users/fbelkaid/Desktop/libft
# makefile
SHELL = /bin/sh
# environment
VSCODE_NLS_CONFIG = {"locale":"en-us","osLocale":"en","availableLanguages":{},"_languagePackSupport":true}
# environment
_ = /usr/bin/make
# makefile (from `Makefile', line 15)
CFLAGS = -Wall -Wextra -Werror
# makefile (from `Makefile', line 36)
BSOURCE = ft_lstnew_bonus.c ft_lstadd_front_bonus.c	ft_lstsize_bonus.c ft_lstlast_bonus.c		ft_lstadd_back_bonus.c	ft_lstdelone_bonus.c ft_lstclear_bonus.c		ft_lstiter_bonus.c		ft_lstmap_bonus.c 
# makefile (from `Makefile', line 1)
MAKEFILE_LIST :=  Makefile
# makefile (from `Makefile', line 40)
OBJS = ${SOURCE:%.c=%.o}
# environment
VSCODE_CWD = /
# environment
PATH = /usr/local/bin:/usr/bin:/bin:/usr/sbin:/sbin:/usr/local/munki
# environment
LSCOLORS = Gxfxcxdxbxegedabagacad
# environment
LaunchInstanceID = 2E1B3F63-2355-4021-B1E2-50E7C046EB7C
# environment
ELECTRON_RUN_AS_NODE = 1
# default
.FEATURES := target-specific order-only second-expansion else-if archives jobserver check-symlink
# environment
LS_COLORS = di=1;36:ln=35:so=32:pi=33:ex=31:bd=34;46:cd=34;43:su=30;41:sg=30;46:tw=30;42:ow=30;43
# environment
SSH_AUTH_SOCK = /private/tmp/com.apple.launchd.JQ1mpPZsW0/Listeners
# automatic
%F = $(notdir $%)
# environment
PWD = /Users/fbelkaid/Desktop/libft
# makefile (from `Makefile', line 42)
BOBJS = ${BSOURCE:%.c=%.o}
# environment
ORIGINAL_XDG_CURRENT_DESKTOP = undefined
# environment
VSCODE_AMD_ENTRYPOINT = vs/workbench/api/node/extensionHostProcess
# environment
HOME = /Users/fbelkaid
# default
MAKEFILEPATH := /Applications/Xcode.app/Contents/Developer/Makefiles
# environment
VSCODE_CODE_CACHE_PATH = /Users/fbelkaid/Library/Application Support/Code/CachedData/af28b32d7e553898b2a91af498b1fb666fdebe0c
# environment
LOGNAME = fbelkaid
# environment
APPLICATION_INSIGHTS_NO_DIAGNOSTIC_CHANNEL = 1
# environment
ZSH = /Users/fbelkaid/.oh-my-zsh
# environment
VSCODE_HANDLES_UNCAUGHT_ERRORS = true
# automatic
^D = $(patsubst %/,%,$(dir $^))
# environment
XPC_FLAGS = 0x0
# default
MAKE = $(MAKE_COMMAND)
# default
MAKECMDGOALS := all
# environment
SHLVL = 1
# makefile (from `Makefile', line 13)
CC = cc
# makefile (from `Makefile', line 23)
SOURCE = ft_isalpha.c		ft_isdigit.c		ft_isalnum.c ft_isascii.c		ft_isprint.c		ft_strlen.c ft_memset.c		ft_bzero.c			ft_memcpy.c ft_memmove.c		ft_strlcpy.c		ft_strlcat.c ft_toupper.c		ft_tolower.c		ft_strchr.c ft_strrchr.c		ft_strncmp.c		ft_memchr.c ft_memcmp.c		ft_strnstr.c		ft_atoi.c ft_calloc.c		ft_strdup.c			ft_substr.c ft_strjoin.c		ft_strtrim.c		ft_split.c ft_itoa.c			ft_strmapi.c		ft_striteri.c ft_putchar_fd.c	ft_putstr_fd.c		ft_putendl_fd.c ft_putnbr_fd.c 
# default
MAKE_VERSION := 3.81
# environment
USER = fbelkaid
# makefile
.DEFAULT_GOAL := all
# makefile (from `Makefile', line 19)
NAME = libft.a
# environment
LESS = -R
# automatic
%D = $(patsubst %/,%,$(dir $%))
# makefile (from `Makefile', line 21)
LFLAGS = ar rcs
# default
MAKE_COMMAND := /Applications/Xcode.app/Contents/Developer/usr/bin/make
# default
.VARIABLES := 
# environment
TMPDIR = /var/folders/zz/zyxvpxvq6csfxvn_n000cc8c003323/T/
# automatic
*F = $(notdir $*)
# environment
VSCODE_IPC_HOOK = /Users/fbelkaid/Library/Application Support/Code/1.85-main.sock
# environment
MallocNanoZone = 0
# makefile
MAKEFLAGS = Rrqp
# environment
MFLAGS = -Rrqp
# automatic
*D = $(patsubst %/,%,$(dir $*))
# environment
XPC_SERVICE_NAME = com.apple.xpc.launchd.oneshot.0x10000002.Electron
# automatic
+D = $(patsubst %/,%,$(dir $+))
# automatic
+F = $(notdir $+)
# environment
__CF_USER_TEXT_ENCODING = 0x18C43:0x0:0x0
# environment
COMMAND_MODE = unix2003
# default
MAKEFILES := 
# automatic
<F = $(notdir $<)
# environment
PAGER = less
# environment
LC_ALL = C
# environment
SECURITYSESSIONID = 186a8
# automatic
^F = $(notdir $^)
# default
SUFFIXES := 
# default
.INCLUDE_DIRS = /usr/local/include
# environment
MAKELEVEL := 0
# environment
LANG = C
# environment
VSCODE_PID = 1165
# variable set hash-table stats:
# Load=74/1024=7%, Rehash=0, Collisions=5/107=5%

# Pattern-specific Variable Values

# No pattern-specific variable values.

# Directories

# . (device 16777225, inode 1208586): 51 files, no impossibilities.

# 51 files, no impossibilities in 1 directories.

# Implicit Rules

# No implicit rules.

# Files

# Not a target:
ft_strmapi.o:
#  Implicit rule search has not been done.
#  Modification time never checked.
#  File has not been updated.

# Not a target:
ft_strncmp.c:
#  Implicit rule search has been done.
#  Last modified 2023-12-29 20:23:21
#  File has been updated.
#  Successfully updated.
# variable set hash-table stats:
# Load=0/32=0%, Rehash=0, Collisions=0/0=0%

# Not a target:
ft_memchr.c:
#  Implicit rule search has been done.
#  Last modified 2023-12-29 21:27:01
#  File has been updated.
#  Successfully updated.
# variable set hash-table stats:
# Load=0/32=0%, Rehash=0, Collisions=0/0=0%

# Not a target:
ft_isalnum.c:
#  Implicit rule search has been done.
#  Last modified 2023-12-29 17:30:13
#  File has been updated.
#  Successfully updated.
# variable set hash-table stats:
# Load=0/32=0%, Rehash=0, Collisions=0/0=0%

# Not a target:
ft_lstadd_back_bonus.c:
#  Implicit rule search has not been done.
#  Modification time never checked.
#  File has not been updated.

# Not a target:
ft_memcpy.o:
#  Implicit rule search has not been done.
#  Modification time never checked.
#  File has not been updated.

# Not a target:
ft_itoa.o:
#  Implicit rule search has not been done.
#  Modification time never checked.
#  File has not been updated.

# Not a target:
ft_strdup.c:
#  Implicit rule search has been done.
#  Last modified 2023-12-29 17:30:14
#  File has been updated.
#  Successfully updated.
# variable set hash-table stats:
# Load=0/32=0%, Rehash=0, Collisions=0/0=0%

# Not a target:
ft_memcmp.o:
#  Implicit rule search has not been done.
#  Modification time never checked.
#  File has not been updated.

# Not a target:
ft_strlen.o:
#  Implicit rule search has not been done.
#  Modification time never checked.
#  File has not been updated.

# Not a target:
ft_lstiter_bonus.c:
#  Implicit rule search has not been done.
#  Modification time never checked.
#  File has not been updated.

# Not a target:
ft_memmove.c:
#  Implicit rule search has been done.
#  Last modified 2023-12-29 17:30:14
#  File has been updated.
#  Successfully updated.
# variable set hash-table stats:
# Load=0/32=0%, Rehash=0, Collisions=0/0=0%

# Not a target:
ft_isdigit.o:
#  Implicit rule search has not been done.
#  Modification time never checked.
#  File has not been updated.

# Not a target:
ft_strchr.c:
#  Implicit rule search has been done.
#  Last modified 2023-12-29 23:18:16
#  File has been updated.
#  Successfully updated.
# variable set hash-table stats:
# Load=0/32=0%, Rehash=0, Collisions=0/0=0%

all: libft.a
#  Command-line target.
#  Implicit rule search has been done.
#  File does not exist.
#  File has not been updated.
# variable set hash-table stats:
# Load=0/32=0%, Rehash=0, Collisions=0/0=0%

# Not a target:
ft_memchr.o:
#  Implicit rule search has not been done.
#  Modification time never checked.
#  File has not been updated.

# Not a target:
ft_toupper.c:
#  Implicit rule search has been done.
#  Last modified 2023-12-29 17:30:14
#  File has been updated.
#  Successfully updated.
# variable set hash-table stats:
# Load=0/32=0%, Rehash=0, Collisions=0/0=0%

# Not a target:
ft_lstnew_bonus.o:
#  Implicit rule search has not been done.
#  Modification time never checked.
#  File has not been updated.

# Not a target:
ft_memset.o:
#  Implicit rule search has not been done.
#  Modification time never checked.
#  File has not been updated.

# Not a target:
ft_strnstr.c:
#  Implicit rule search has been done.
#  Last modified 2023-12-29 20:36:06
 
#  File has been updated.
#  Successfully updated.
# variable set hash-table stats:
# Load=0/32=0%, Rehash=0, Collisions=0/0=0%

# Not a target:
ft_putstr_fd.c:
#  Implicit rule search has been done.
#  Last modified 2023-12-29 20:38:29
#  File has been updated.
#  Successfully updated.
# variable set hash-table stats:
# Load=0/32=0%, Rehash=0, Collisions=0/0=0%

# Not a target:
ft_tolower.o:
#  Implicit rule search has not been done.
#  Modification time never checked.
#  File has not been updated.

# Not a target:
ft_lstlast_bonus.c:
#  Implicit rule search has not been done.
#  Modification time never checked.
#  File has not been updated.

# Not a target:
ft_strrchr.o:
#  Implicit rule search has not been done.
#  Modification time never checked.
#  File has not been updated.

# Not a target:
ft_strjoin.o:
#  Implicit rule search has not been done.
#  Modification time never checked.
#  File has not been updated.

# Not a target:
ft_split.o:
#  Implicit rule search has not been done.
#  Modification time never checked.
#  File has not been updated.

# Not a target:
ft_putchar_fd.c:
#  Implicit rule search has been done.
#  Last modified 2023-12-29 19:28:13
#  File has been updated.
#  Successfully updated.
# variable set hash-table stats:
# Load=0/32=0%, Rehash=0, Collisions=0/0=0%

# Not a target:
ft_strlcat.o:
#  Implicit rule search has not been done.
#  Modification time never checked.
#  File has not been updated.

# Not a target:
ft_isascii.c:
#  Implicit rule search has been done.
#  Last modified 2023-12-29 17:30:13
#  File has been updated.
#  Successfully updated.
# variable set hash-table stats:
# Load=0/32=0%, Rehash=0, Collisions=0/0=0%

# Not a target:
.SUFFIXES:
#  Implicit rule search has not been done.
#  Modification time never checked.
#  File has not been updated.

# Not a target:
ft_lstclear_bonus.c:
#  Implicit rule search has not been done.
#  Modification time never checked.
#  File has not been updated.

# Not a target:
ft_strtrim.c:
#  Implicit rule search has been done.
#  Last modified 2023-12-29 21:24:22
#  File has been updated.
#  Successfully updated.
# variable set hash-table stats:
# Load=0/32=0%, Rehash=0, Collisions=0/0=0%

# Not a target:
Makefile:
#  Implicit rule search has been done.
#  Last modified 2023-12-29 20:22:52
#  File has been updated.
#  Successfully updated.
# variable set hash-table stats:
# Load=0/32=0%, Rehash=0, Collisions=0/0=0%

# Not a target:
ft_lstsize_bonus.o:
#  Implicit rule search has not been done.
#  Modification time never checked.
#  File has not been updated.

# Not a target:
ft_isprint.o:
#  Implicit rule search has not been done.
#  Modification time never checked.
#  File has not been updated.

libft.a: ft_isalpha.c ft_isdigit.c ft_isalnum.c ft_isascii.c ft_isprint.c ft_strlen.c ft_memset.c ft_bzero.c ft_memcpy.c ft_memmove.c ft_strlcpy.c ft_strlcat.c ft_toupper.c ft_tolower.c ft_strchr.c ft_strrchr.c ft_strncmp.c ft_memchr.c ft_memcmp.c ft_strnstr.c ft_atoi.c ft_calloc.c ft_strdup.c ft_substr.c ft_strjoin.c ft_strtrim.c ft_split.c ft_itoa.c ft_strmapi.c ft_striteri.c ft_putchar_fd.c ft_putstr_fd.c ft_putendl_fd.c ft_putnbr_fd.c ft_isalpha.o ft_isdigit.o ft_isalnum.o ft_isascii.o ft_isprint.o ft_strlen.o ft_memset.o ft_bzero.o ft_memcpy.o ft_memmove.o ft_strlcpy.o ft_strlcat.o ft_toupper.o ft_tolower.o ft_strchr.o ft_strrchr.o ft_strncmp.o ft_memchr.o ft_memcmp.o ft_strnstr.o ft_atoi.o ft_calloc.o ft_strdup.o ft_substr.o ft_strjoin.o ft_strtrim.o ft_split.o ft_itoa.o ft_strmapi.o ft_striteri.o ft_putchar_fd.o ft_putstr_fd.o ft_putendl_fd.o ft_putnbr_fd.o
#  Implicit rule search has not been done.
#  File does not exist.
#  File has not been updated.
# variable set hash-table stats:
# Load=0/32=0%, Rehash=0, Collisions=0/0=0%
#  commands to execute (from `Makefile', line 47):
	${CC} ${CFLAGS} ${C} ${SOURCE}
	${LFLAGS} ${NAME} ${OBJS}
	

# Not a target:
ft_putendl_fd.c:
#  Implicit rule search has been done.
#  Last modified 2023-12-29 19:28:17
#  File has been updated.
#  Successfully updated.
# variable set hash-table stats:
# Load=0/32=0%, Rehash=0, Collisions=0/0=0%

# Not a target:
ft_strmapi.c:
#  Implicit rule search has been done.
#  Last modified 2023-12-29 20:34:25
#  File has been updated.
#  Successfully updated.
# variable set hash-table stats:
# Load=0/32=0%, Rehash=0, Collisions=0/0=0%

# Not a target:
ft_striteri.o:
#  Implicit rule search has not been done.
#  Modification time never checked.
#  File has not been updated.

# Not a target:
ft_lstmap_bonus.o:
#  Implicit rule search has not been done.
#  Modification time never checked.
#  File has not been updated.

# Not a target:
ft_bzero.o:
#  Implicit rule search has not been done.
#  Modification time never checked.
#  File has not been updated.

# Not a target:
ft_memcpy.c:
#  Implicit rule search has been done.
#  Last modified 2023-12-29 17:30:13
#  File has been updated.
#  Successfully updated.
# variable set hash-table stats:
# Load=0/32=0%, Rehash=0, Collisions=0/0=0%

# Not a target:
ft_itoa.c:
#  Implicit rule search has been done.
#  Last modified 2023-12-29 20:25:11
#  File has been updated.
#  Successfully updated.
# variable set hash-table stats:
# Load=0/32=0%, Rehash=0, Collisions=0/0=0%

# Not a target:
ft_memcmp.c:
#  Implicit rule search has been done.
#  Last modified 2023-12-29 17:30:13
#  File has been updated.
#  Successfully updated.
# variable set hash-table stats:
# Load=0/32=0%, Rehash=0, Collisions=0/0=0%

# Not a target:
ft_strlen.c:
#  Implicit rule search has been done.
#  Last modified 2023-12-29 20:31:55
#  File has been updated.
#  Successfully updated.
# variable set hash-table stats:
# Load=0/32=0%, Rehash=0, Collisions=0/0=0%

# Not a target:
ft_lstadd_front_bonus.o:
#  Implicit rule search has not been done.
#  Modification time never checked.
#  File has not been updated.

# Not a target:
ft_isdigit.c:
#  Implicit rule search has been done.
#  Last modified 2023-12-29 19:35:05
#  File has been updated.
#  Successfully updated.
# variable set hash-table stats:
# Load=0/32=0%, Rehash=0, Collisions=0/0=0%

# Not a target:
ft_lstdelone_bonus.o:
#  Implicit rule search has not been done.
#  Modification time never checked.
#  File has not been updated.

bonus: libft.a ft_lstnew_bonus.o ft_lstadd_front_bonus.o ft_lstsize_bonus.o ft_lstlast_bonus.o ft_lstadd_back_bonus.o ft_lstdelone_bonus.o ft_lstclear_bonus.o ft_lstiter_bonus.o ft_lstmap_bonus.o ft_lstnew_bonus.c ft_lstadd_front_bonus.c ft_lstsize_bonus.c ft_lstlast_bonus.c ft_lstadd_back_bonus.c ft_lstdelone_bonus.c ft_lstclear_bonus.c ft_lstiter_bonus.c ft_lstmap_bonus.c
#  Implicit rule search has not been done.
#  Modification time never checked.
#  File has not been updated.
#  commands to execute (from `Makefile', line 51):
	${CC} ${CFLAGS} ${C} ${BSOURCE}
	${LFLAGS} ${NAME} ${BOBJS}
	

# Not a target:
ft_putnbr_fd.o:
#  Implicit rule search has not been done.
#  Modification time never checked.
#  File has not been updated.

# Not a target:
ft_lstnew_bonus.c:
#  Implicit rule search has not been done.
#  Modification time never checked.
#  File has not been updated.

fclean: clean
#  Implicit rule search has not been done.
#  Modification time never checked.
#  File has not been updated.
#  commands to execute (from `Makefile', line 58):
	rm -f ${NAME}
	

# Not a target:
ft_memset.c:
#  Implicit rule search has been done.
#  Last modified 2023-12-29 17:30:14
#  File has been updated.
#  Successfully updated.
# variable set hash-table stats:
# Load=0/32=0%, Rehash=0, Collisions=0/0=0%

# Not a target:
ft_calloc.o:
#  Implicit rule search has not been done.
#  Modification time never checked.
#  File has not been updated.

# Not a target:
ft_substr.o:
#  Implicit rule search has not been done.
#  Modification time never checked.
#  File has not been updated.

# Not a target:
ft_tolower.c:
#  Implicit rule search has been done.
#  Last modified 2023-12-29 21:26:39
#  File has been updated.
#  Successfully updated.
# variable set hash-table stats:
# Load=0/32=0%, Rehash=0, Collisions=0/0=0%

# Not a target:
ft_strrchr.c:
#  Implicit rule search has been done.
#  Last modified 2023-12-29 23:16:02
 
#  File has been updated.
#  Successfully updated.
# variable set hash-table stats:
# Load=0/32=0%, Rehash=0, Collisions=0/0=0%

# Not a target:
ft_strjoin.c:
#  Implicit rule search has been done.
#  Last modified 2023-12-29 21:22:49
#  File has been updated.
#  Successfully updated.
# variable set hash-table stats:
# Load=0/32=0%, Rehash=0, Collisions=0/0=0%

# Not a target:
ft_split.c:
#  Implicit rule search has been done.
#  Last modified 2023-12-30 08:00:52
#  File has been updated.
#  Successfully updated.
# variable set hash-table stats:
# Load=0/32=0%, Rehash=0, Collisions=0/0=0%

# Not a target:
ft_isalpha.o:
#  Implicit rule search has been done.
#  File does not exist.
#  File has not been updated.
# variable set hash-table stats:
# Load=0/32=0%, Rehash=0, Collisions=0/0=0%

# Not a target:
.DEFAULT:
#  Implicit rule search has not been done.
#  Modification time never checked.
#  File has not been updated.

# Not a target:
ft_strlcat.c:
#  Implicit rule search has been done.
#  Last modified 2023-12-29 20:31:32
#  File has been updated.
#  Successfully updated.
# variable set hash-table stats:
# Load=0/32=0%, Rehash=0, Collisions=0/0=0%

# Not a target:
ft_bzero.c:
#  Implicit rule search has been done.
#  Last modified 2023-12-29 17:30:13
#  File has been updated.
#  Successfully updated.
# variable set hash-table stats:
# Load=0/32=0%, Rehash=0, Collisions=0/0=0%

# Not a target:
ft_lstsize_bonus.c:
#  Implicit rule search has not been done.
#  Modification time never checked.
#  File has not been updated.

# Not a target:
ft_strlcpy.o:
#  Implicit rule search has not been done.
#  Modification time never checked.
#  File has not been updated.

# Not a target:
ft_isprint.c:
#  Implicit rule search has been done.
#  Last modified 2023-12-29 19:35:33
#  File has been updated.
#  Successfully updated.
# variable set hash-table stats:
# Load=0/32=0%, Rehash=0, Collisions=0/0=0%

# Not a target:
ft_strncmp.o:
#  Implicit rule search has not been done.
#  Modification time never checked.
#  File has not been updated.

re: fclean all
#  Implicit rule search has not been done.
#  Modification time never checked.
#  File has not been updated.

clean:
#  Implicit rule search has not been done.
#  Modification time never checked.
#  File has not been updated.
#  commands to execute (from `Makefile', line 55):
	rm -f *.o
	

# Not a target:
ft_isalnum.o:
#  Implicit rule search has not been done.
#  Modification time never checked.
#  File has not been updated.

# Not a target:
ft_lstadd_back_bonus.o:
#  Implicit rule search has not been done.
#  Modification time never checked.
#  File has not been updated.

# Not a target:
ft_striteri.c:
#  Implicit rule search has been done.
#  Last modified 2023-12-29 21:24:59
#  File has been updated.
#  Successfully updated.
# variable set hash-table stats:
# Load=0/32=0%, Rehash=0, Collisions=0/0=0%

# Not a target:
ft_isascii.o:
#  Implicit rule search has not been done.
#  Modification time never checked.
#  File has not been updated.

# Not a target:
ft_strdup.o:
#  Implicit rule search has not been done.
#  Modification time never checked.
#  File has not been updated.

# Not a target:
ft_lstmap_bonus.c:
#  Implicit rule search has not been done.
#  Modification time never checked.
#  File has not been updated.

# Not a target:
ft_lstiter_bonus.o:
#  Implicit rule search has not been done.
#  Modification time never checked.
#  File has not been updated.

# Not a target:
ft_memmove.o:
#  Implicit rule search has not been done.
#  Modification time never checked.
#  File has not been updated.

# Not a target:
ft_strchr.o:
#  Implicit rule search has not been done.
#  Modification time never checked.
#  File has not been updated.

# Not a target:
ft_lstadd_front_bonus.c:
#  Implicit rule search has not been done.
#  Modification time never checked.
#  File has not been updated.

# Not a target:
ft_toupper.o:
#  Implicit rule search has not been done.
#  Modification time never checked.
#  File has not been updated.

# Not a target:
ft_atoi.c:
#  Implicit rule search has been done.
#  Last modified 2023-12-29 17:30:13
#  File has been updated.
#  Successfully updated.
# variable set hash-table stats:
# Load=0/32=0%, Rehash=0, Collisions=0/0=0%

# Not a target:
ft_lstdelone_bonus.c:
#  Implicit rule search has not been done.
#  Modification time never checked.
#  File has not been updated.

# Not a target:
ft_strnstr.o:
#  Implicit rule search has not been done.
#  Modification time never checked.
#  File has not been updated.

# Not a target:
ft_putstr_fd.o:
#  Implicit rule search has not been done.
#  Modification time never checked.
#  File has not been updated.

# Not a target:
ft_putnbr_fd.c:
#  Implicit rule search has been done.
#  Last modified 2023-12-29 19:28:21
#  File has been updated.
#  Successfully updated.
# variable set hash-table stats:
# Load=0/32=0%, Rehash=0, Collisions=0/0=0%

# Not a target:
ft_lstlast_bonus.o:
#  Implicit rule search has not been done.
#  Modification time never checked.
#  File has not been updated.

# Not a target:
ft_atoi.o:
#  Implicit rule search has not been done.
#  Modification time never checked.
#  File has not been updated.

# Not a target:
ft_calloc.c:
#  Implicit rule search has been done.
#  Last modified 2023-12-29 23:54:39
#  File has been updated.
#  Successfully updated.
# variable set hash-table stats:
# Load=0/32=0%, Rehash=0, Collisions=0/0=0%

# Not a target:
ft_substr.c:
#  Implicit rule search has been done.
#  Last modified 2023-12-30 08:14:25
#  File has been updated.
#  Successfully updated.
# variable set hash-table stats:
# Load=0/32=0%, Rehash=0, Collisions=0/0=0%

# Not a target:
ft_putchar_fd.o:
#  Implicit rule search has not been done.
#  Modification time never checked.
#  File has not been updated.

# Not a target:
ft_isalpha.c:
#  Implicit rule search has been done.
#  Last modified 2023-12-29 19:34:30
#  File has been updated.
#  Successfully updated.
# variable set hash-table stats:
# Load=0/32=0%, Rehash=0, Collisions=0/0=0%

# Not a target:
ft_lstclear_bonus.o:
#  Implicit rule search has not been done.
#  Modification time never checked.
#  File has not been updated.

# Not a target:
ft_strtrim.o:
#  Implicit rule search has not been done.
#  Modification time never checked.
#  File has not been updated.

# Not a target:
ft_strlcpy.c:
#  Implicit rule search has been done.
#  Last modified 2023-12-29 21:27:59
#  File has been updated.
#  Successfully updated.
# variable set hash-table stats:
# Load=0/32=0%, Rehash=0, Collisions=0/0=0%

# Not a target:
ft_putendl_fd.o:
#  Implicit rule search has not been done.
#  Modification time never checked.
#  File has not been updated.

# files hash-table stats:
# Load=95/1024=9%, Rehash=0, Collisions=11/199=6%
# VPATH Search Paths

# No `vpath' search paths.

# No general (`VPATH' variable) search path.

# # of strings in strcache: 1
# # of strcache buffers: 1
# strcache size: total = 4096 / max = 4096 / min = 4096 / avg = 4096
# strcache free: total = 4087 / max = 4087 / min = 4087 / avg = 4087

# Finished Make data base on Sat Dec 30 17:47:44 2023

 
